2023-09-12 21:01: Experiment log path in: ../experiments\PEMS04\09-12-21h01m_PEMS04_GCDE_type1_embed{10}hid{128}hidhid{128}lyrs{3}lr{0.001}wd{0.001}
2023-09-12 21:01: Argument batch_size: 16
2023-09-12 21:01: Argument cheb_k: 2
2023-09-12 21:01: Argument column_wise: False
2023-09-12 21:01: Argument comment: ''
2023-09-12 21:01: Argument cuda: True
2023-09-12 21:01: Argument dataset: 'PEMS04'
2023-09-12 21:01: Argument debug: False
2023-09-12 21:01: Argument default_graph: True
2023-09-12 21:01: Argument device: 0
2023-09-12 21:01: Argument early_stop: True
2023-09-12 21:01: Argument early_stop_patience: 15
2023-09-12 21:01: Argument embed_dim: 10
2023-09-12 21:01: Argument epochs: 100
2023-09-12 21:01: Argument g_type: 'agc'
2023-09-12 21:01: Argument grad_norm: False
2023-09-12 21:01: Argument hid_dim: 128
2023-09-12 21:01: Argument hid_hid_dim: 128
2023-09-12 21:01: Argument horizon: 24
2023-09-12 21:01: Argument input_dim: 2
2023-09-12 21:01: Argument lag: 24
2023-09-12 21:01: Argument log_dir: '../experiments\\PEMS04\\09-12-21h01m_PEMS04_GCDE_type1_embed{10}hid{128}hidhid{128}lyrs{3}lr{0.001}wd{0.001}'
2023-09-12 21:01: Argument log_step: 20
2023-09-12 21:01: Argument loss_func: 'mae'
2023-09-12 21:01: Argument lr_decay: False
2023-09-12 21:01: Argument lr_decay_rate: 0.3
2023-09-12 21:01: Argument lr_decay_step: '5,20,40,70'
2023-09-12 21:01: Argument lr_init: 0.001
2023-09-12 21:01: Argument mae_thresh: None
2023-09-12 21:01: Argument mape_thresh: 0.0
2023-09-12 21:01: Argument max_grad_norm: 5
2023-09-12 21:01: Argument missing_rate: 0.1
2023-09-12 21:01: Argument missing_test: False
2023-09-12 21:01: Argument mode: 'train'
2023-09-12 21:01: Argument model: 'GCDE'
2023-09-12 21:01: Argument model_path: ''
2023-09-12 21:01: Argument model_type: 'type1'
2023-09-12 21:01: Argument normalizer: 'std'
2023-09-12 21:01: Argument num_layers: 3
2023-09-12 21:01: Argument num_nodes: 307
2023-09-12 21:01: Argument output_dim: 1
2023-09-12 21:01: Argument plot: False
2023-09-12 21:01: Argument real_value: True
2023-09-12 21:01: Argument seed: 10
2023-09-12 21:01: Argument solver: 'rk4'
2023-09-12 21:01: Argument teacher_forcing: False
2023-09-12 21:01: Argument tensorboard: False
2023-09-12 21:01: Argument test_ratio: 0.2
2023-09-12 21:01: Argument tod: False
2023-09-12 21:01: Argument val_ratio: 0.2
2023-09-12 21:01: Argument weight_decay: 0.001
2023-09-12 21:01: NeuralGCDE(
  (func_f): FinalTanh_f(
    input_channels: 2, hidden_channels: 128, hidden_hidden_channels: 128, num_hidden_layers: 3
    (linear_in): Linear(in_features=128, out_features=128, bias=True)
    (linears): ModuleList(
      (0): Linear(in_features=128, out_features=128, bias=True)
      (1): Linear(in_features=128, out_features=128, bias=True)
    )
    (linear_out): Linear(in_features=128, out_features=256, bias=True)
  )
  (func_g): VectorField_g(
    input_channels: 2, hidden_channels: 128, hidden_hidden_channels: 128, num_hidden_layers: 3
    (linear_in): Linear(in_features=128, out_features=128, bias=True)
    (linear_out): Linear(in_features=128, out_features=16384, bias=True)
  )
  (end_conv): Conv2d(1, 24, kernel_size=(1, 128), stride=(1, 1))
  (initial_h): Linear(in_features=2, out_features=128, bias=True)
  (initial_z): Linear(in_features=2, out_features=128, bias=True)
)
2023-09-12 21:01: Total params: 2551572
2023-09-12 21:01: Train Epoch 1: 0/634 Loss: 208.474350
2023-09-12 21:02: Train Epoch 1: 20/634 Loss: 111.228920
2023-09-12 21:03: Train Epoch 1: 40/634 Loss: 77.915482
2023-09-12 21:04: Train Epoch 1: 60/634 Loss: 57.871380
2023-09-12 21:05: Train Epoch 1: 80/634 Loss: 47.910892
2023-09-12 21:06: Train Epoch 1: 100/634 Loss: 47.517479
2023-09-12 21:08: Train Epoch 1: 120/634 Loss: 42.498013
2023-09-12 21:09: Train Epoch 1: 140/634 Loss: 60.450409
2023-09-12 21:10: Train Epoch 1: 160/634 Loss: 38.598095
2023-09-12 21:11: Train Epoch 1: 180/634 Loss: 50.018837
2023-09-12 21:12: Train Epoch 1: 200/634 Loss: 38.954060
2023-09-12 21:13: Train Epoch 1: 220/634 Loss: 42.532116
2023-09-12 21:14: Train Epoch 1: 240/634 Loss: 41.532364
2023-09-12 21:15: Train Epoch 1: 260/634 Loss: 35.076889
2023-09-12 21:16: Train Epoch 1: 280/634 Loss: 39.154041
2023-09-12 21:17: Train Epoch 1: 300/634 Loss: 34.453751
2023-09-12 21:18: Train Epoch 1: 320/634 Loss: 40.541725
2023-09-12 21:19: Train Epoch 1: 340/634 Loss: 36.084648
2023-09-12 21:20: Train Epoch 1: 360/634 Loss: 39.328011
2023-09-12 21:21: Train Epoch 1: 380/634 Loss: 28.829020
2023-09-12 21:22: Train Epoch 1: 400/634 Loss: 36.904369
2023-09-12 21:23: Train Epoch 1: 420/634 Loss: 38.231033
2023-09-12 21:24: Train Epoch 1: 440/634 Loss: 30.026272
2023-09-12 21:25: Train Epoch 1: 460/634 Loss: 31.919771
2023-09-12 21:26: Train Epoch 1: 480/634 Loss: 35.632092
2023-09-12 21:28: Train Epoch 1: 500/634 Loss: 33.450424
2023-09-12 21:29: Train Epoch 1: 520/634 Loss: 34.611538
2023-09-12 21:30: Train Epoch 1: 540/634 Loss: 29.856636
2023-09-12 21:31: Train Epoch 1: 560/634 Loss: 26.831242
2023-09-12 21:32: Train Epoch 1: 580/634 Loss: 26.551203
2023-09-12 21:33: Train Epoch 1: 600/634 Loss: 31.123302
2023-09-12 21:34: Train Epoch 1: 620/634 Loss: 29.964569
2023-09-12 21:34: **********Train Epoch 1: averaged Loss: 43.198325
2023-09-12 21:38: **********Val Epoch 1: average Loss: 30.978676
2023-09-12 21:38: *********************************Current best model saved!
2023-09-12 21:38: Train Epoch 2: 0/634 Loss: 34.416912
2023-09-12 21:39: Train Epoch 2: 20/634 Loss: 32.728012
2023-09-12 21:40: Train Epoch 2: 40/634 Loss: 24.449509
2023-09-12 21:41: Train Epoch 2: 60/634 Loss: 22.563005
2023-09-12 21:42: Train Epoch 2: 80/634 Loss: 33.555153
2023-09-12 21:43: Train Epoch 2: 100/634 Loss: 31.863335
2023-09-12 21:44: Train Epoch 2: 120/634 Loss: 25.948469
2023-09-12 21:45: Train Epoch 2: 140/634 Loss: 28.720190
2023-09-12 21:46: Train Epoch 2: 160/634 Loss: 30.786375
2023-09-12 21:47: Train Epoch 2: 180/634 Loss: 30.382719
2023-09-12 21:48: Train Epoch 2: 200/634 Loss: 27.074354
2023-09-12 21:49: Train Epoch 2: 220/634 Loss: 26.995628
2023-09-12 21:50: Train Epoch 2: 240/634 Loss: 26.832445
2023-09-12 21:51: Train Epoch 2: 260/634 Loss: 30.172707
2023-09-12 21:52: Train Epoch 2: 280/634 Loss: 28.762321
2023-09-12 21:53: Train Epoch 2: 300/634 Loss: 29.427748
2023-09-12 21:54: Train Epoch 2: 320/634 Loss: 26.914854
2023-09-12 21:56: Train Epoch 2: 340/634 Loss: 29.023512
2023-09-12 21:57: Train Epoch 2: 360/634 Loss: 27.475803
2023-09-12 21:58: Train Epoch 2: 380/634 Loss: 28.760435
2023-09-12 21:59: Train Epoch 2: 400/634 Loss: 28.939520
2023-09-12 22:00: Train Epoch 2: 420/634 Loss: 24.167505
2023-09-12 22:01: Train Epoch 2: 440/634 Loss: 25.308100
2023-09-12 22:02: Train Epoch 2: 460/634 Loss: 28.000755
2023-09-12 22:03: Train Epoch 2: 480/634 Loss: 27.486403
2023-09-12 22:04: Train Epoch 2: 500/634 Loss: 28.100277
2023-09-12 22:05: Train Epoch 2: 520/634 Loss: 27.044590
2023-09-12 22:06: Train Epoch 2: 540/634 Loss: 26.079874
2023-09-12 22:07: Train Epoch 2: 560/634 Loss: 27.484171
2023-09-12 22:08: Train Epoch 2: 580/634 Loss: 21.120344
2023-09-12 22:09: Train Epoch 2: 600/634 Loss: 26.797148
2023-09-12 22:10: Train Epoch 2: 620/634 Loss: 25.937782
2023-09-12 22:11: **********Train Epoch 2: averaged Loss: 27.714949
2023-09-12 22:14: **********Val Epoch 2: average Loss: 26.040172
2023-09-12 22:14: *********************************Current best model saved!
2023-09-12 22:14: Train Epoch 3: 0/634 Loss: 24.377394
2023-09-12 22:15: Train Epoch 3: 20/634 Loss: 22.864588
2023-09-12 22:16: Train Epoch 3: 40/634 Loss: 27.737646
2023-09-12 22:17: Train Epoch 3: 60/634 Loss: 26.205225
2023-09-12 22:18: Train Epoch 3: 80/634 Loss: 23.138836
2023-09-12 22:19: Train Epoch 3: 100/634 Loss: 30.103758
2023-09-12 22:20: Train Epoch 3: 120/634 Loss: 57.796032
2023-09-12 22:21: Train Epoch 3: 140/634 Loss: 87.235664
2023-09-12 22:23: Train Epoch 3: 160/634 Loss: 92.578026
2023-09-12 22:24: Train Epoch 3: 180/634 Loss: 69.542244
2023-09-12 22:25: Train Epoch 3: 200/634 Loss: 246.679291
2023-09-12 22:26: Train Epoch 3: 220/634 Loss: 147.954788
2023-09-12 22:27: Train Epoch 3: 240/634 Loss: 121.379326
2023-09-12 22:28: Train Epoch 3: 260/634 Loss: 103.903252
2023-09-12 22:29: Train Epoch 3: 280/634 Loss: 111.740524
2023-09-12 22:30: Train Epoch 3: 300/634 Loss: 93.225540
2023-09-12 22:31: Train Epoch 3: 320/634 Loss: 117.767578
2023-09-12 22:32: Train Epoch 3: 340/634 Loss: 91.306824
2023-09-12 22:33: Train Epoch 3: 360/634 Loss: 93.100899
2023-09-12 22:34: Train Epoch 3: 380/634 Loss: 100.657349
2023-09-12 22:35: Train Epoch 3: 400/634 Loss: 95.482643
2023-09-12 22:36: Train Epoch 3: 420/634 Loss: 116.524147
2023-09-12 22:37: Train Epoch 3: 440/634 Loss: 95.100220
2023-09-12 22:38: Train Epoch 3: 460/634 Loss: 101.055214
2023-09-12 22:39: Train Epoch 3: 480/634 Loss: 97.783524
2023-09-12 22:40: Train Epoch 3: 500/634 Loss: 112.844330
2023-09-12 22:41: Train Epoch 3: 520/634 Loss: 103.523804
2023-09-12 22:42: Train Epoch 3: 540/634 Loss: 89.170677
2023-09-12 22:43: Train Epoch 3: 560/634 Loss: 97.100700
2023-09-12 22:44: Train Epoch 3: 580/634 Loss: 97.418854
2023-09-12 22:45: Train Epoch 3: 600/634 Loss: 98.281509
2023-09-12 22:46: Train Epoch 3: 620/634 Loss: 92.974014
2023-09-12 22:47: **********Train Epoch 3: averaged Loss: 88.276635
2023-09-12 22:50: **********Val Epoch 3: average Loss: 105.710330
2023-09-12 22:50: Train Epoch 4: 0/634 Loss: 113.690758
2023-09-12 22:51: Train Epoch 4: 20/634 Loss: 90.882057
2023-09-12 22:52: Train Epoch 4: 40/634 Loss: 104.712982
2023-09-12 22:53: Train Epoch 4: 60/634 Loss: 98.551147
2023-09-12 22:54: Train Epoch 4: 80/634 Loss: 111.302681
2023-09-12 22:55: Train Epoch 4: 100/634 Loss: 109.029999
2023-09-12 22:56: Train Epoch 4: 120/634 Loss: 102.708466
2023-09-12 22:57: Train Epoch 4: 140/634 Loss: 89.203110
2023-09-12 22:58: Train Epoch 4: 160/634 Loss: 76.534393
2023-09-12 22:59: Train Epoch 4: 180/634 Loss: 108.048302
2023-09-12 23:00: Train Epoch 4: 200/634 Loss: 80.895088
2023-09-12 23:01: Train Epoch 4: 220/634 Loss: 87.536293
2023-09-12 23:03: Train Epoch 4: 240/634 Loss: 108.404678
2023-09-12 23:04: Train Epoch 4: 260/634 Loss: 86.146698
2023-09-12 23:05: Train Epoch 4: 280/634 Loss: 101.957970
2023-09-12 23:06: Train Epoch 4: 300/634 Loss: 97.859177
2023-09-12 23:07: Train Epoch 4: 320/634 Loss: 92.384148
2023-09-12 23:08: Train Epoch 4: 340/634 Loss: 95.177292
2023-09-12 23:09: Train Epoch 4: 360/634 Loss: 83.658714
2023-09-12 23:10: Train Epoch 4: 380/634 Loss: 98.316086
2023-09-12 23:11: Train Epoch 4: 400/634 Loss: 101.856491
2023-09-12 23:12: Train Epoch 4: 420/634 Loss: 95.835381
2023-09-12 23:13: Train Epoch 4: 440/634 Loss: 92.163155
2023-09-12 23:14: Train Epoch 4: 460/634 Loss: 77.466309
2023-09-12 23:15: Train Epoch 4: 480/634 Loss: 105.284294
2023-09-12 23:16: Train Epoch 4: 500/634 Loss: 93.718056
2023-09-12 23:17: Train Epoch 4: 520/634 Loss: 91.613907
2023-09-12 23:18: Train Epoch 4: 540/634 Loss: 88.237450
2023-09-12 23:19: Train Epoch 4: 560/634 Loss: 105.262680
2023-09-12 23:20: Train Epoch 4: 580/634 Loss: 93.854355
2023-09-12 23:21: Train Epoch 4: 600/634 Loss: 87.372459
2023-09-12 23:22: Train Epoch 4: 620/634 Loss: 85.361275
2023-09-12 23:23: **********Train Epoch 4: averaged Loss: 97.803940
2023-09-12 23:26: **********Val Epoch 4: average Loss: 97.845272
2023-09-12 23:26: Train Epoch 5: 0/634 Loss: 86.451591
2023-09-12 23:27: Train Epoch 5: 20/634 Loss: 90.642426
2023-09-12 23:28: Train Epoch 5: 40/634 Loss: 92.720688
2023-09-12 23:29: Train Epoch 5: 60/634 Loss: 87.267921
2023-09-12 23:30: Train Epoch 5: 80/634 Loss: 76.667091
2023-09-12 23:31: Train Epoch 5: 100/634 Loss: 97.370613
2023-09-12 23:32: Train Epoch 5: 120/634 Loss: 121.966667
2023-09-12 23:33: Train Epoch 5: 140/634 Loss: 96.159599
2023-09-12 23:34: Train Epoch 5: 160/634 Loss: 79.546837
2023-09-12 23:35: Train Epoch 5: 180/634 Loss: 99.562912
2023-09-12 23:36: Train Epoch 5: 200/634 Loss: 84.041824
2023-09-12 23:37: Train Epoch 5: 220/634 Loss: 93.275299
2023-09-12 23:38: Train Epoch 5: 240/634 Loss: 84.549797
2023-09-12 23:39: Train Epoch 5: 260/634 Loss: 97.238335
2023-09-12 23:40: Train Epoch 5: 280/634 Loss: 94.267685
2023-09-12 23:41: Train Epoch 5: 300/634 Loss: 89.872871
2023-09-12 23:42: Train Epoch 5: 320/634 Loss: 88.315063
2023-09-12 23:43: Train Epoch 5: 340/634 Loss: 76.150452
2023-09-12 23:44: Train Epoch 5: 360/634 Loss: 71.274536
2023-09-12 23:45: Train Epoch 5: 380/634 Loss: 97.348473
2023-09-12 23:46: Train Epoch 5: 400/634 Loss: 102.303139
2023-09-12 23:47: Train Epoch 5: 420/634 Loss: 77.890297
2023-09-12 23:48: Train Epoch 5: 440/634 Loss: 70.219971
2023-09-12 23:49: Train Epoch 5: 460/634 Loss: 96.144455
2023-09-12 23:50: Train Epoch 5: 480/634 Loss: 87.428818
2023-09-12 23:51: Train Epoch 5: 500/634 Loss: 74.817627
2023-09-12 23:52: Train Epoch 5: 520/634 Loss: 79.992943
2023-09-12 23:53: Train Epoch 5: 540/634 Loss: 62.449818
2023-09-12 23:54: Train Epoch 5: 560/634 Loss: 51.989487
2023-09-12 23:55: Train Epoch 5: 580/634 Loss: 75.814682
2023-09-12 23:56: Train Epoch 5: 600/634 Loss: 76.714493
2023-09-12 23:57: Train Epoch 5: 620/634 Loss: 55.440941
2023-09-12 23:58: **********Train Epoch 5: averaged Loss: 85.593116
2023-09-13 00:01: **********Val Epoch 5: average Loss: 60.153853
2023-09-13 00:01: Train Epoch 6: 0/634 Loss: 45.880890
2023-09-13 00:02: Train Epoch 6: 20/634 Loss: 53.429581
2023-09-13 00:03: Train Epoch 6: 40/634 Loss: 56.646278
2023-09-13 00:04: Train Epoch 6: 60/634 Loss: 58.427883
2023-09-13 00:05: Train Epoch 6: 80/634 Loss: 54.075981
2023-09-13 00:06: Train Epoch 6: 100/634 Loss: 47.057453
2023-09-13 00:07: Train Epoch 6: 120/634 Loss: 72.903481
2023-09-13 00:08: Train Epoch 6: 140/634 Loss: 41.545650
2023-09-13 00:09: Train Epoch 6: 160/634 Loss: 40.139198
2023-09-13 00:10: Train Epoch 6: 180/634 Loss: 52.571449
2023-09-13 00:11: Train Epoch 6: 200/634 Loss: 77.963120
2023-09-13 00:12: Train Epoch 6: 220/634 Loss: 61.873814
2023-09-13 00:13: Train Epoch 6: 240/634 Loss: 58.223122
2023-09-13 00:14: Train Epoch 6: 260/634 Loss: 57.147125
2023-09-13 00:15: Train Epoch 6: 280/634 Loss: 51.489433
2023-09-13 00:16: Train Epoch 6: 300/634 Loss: 51.938732
2023-09-13 00:17: Train Epoch 6: 320/634 Loss: 54.046501
2023-09-13 00:18: Train Epoch 6: 340/634 Loss: 41.815258
2023-09-13 00:19: Train Epoch 6: 360/634 Loss: 72.496155
2023-09-13 00:20: Train Epoch 6: 380/634 Loss: 58.237518
2023-09-13 00:21: Train Epoch 6: 400/634 Loss: 46.809059
2023-09-13 00:22: Train Epoch 6: 420/634 Loss: 44.063995
2023-09-13 00:23: Train Epoch 6: 440/634 Loss: 47.473885
2023-09-13 00:24: Train Epoch 6: 460/634 Loss: 53.194626
2023-09-13 00:25: Train Epoch 6: 480/634 Loss: 53.036663
2023-09-13 00:26: Train Epoch 6: 500/634 Loss: 52.219990
2023-09-13 00:27: Train Epoch 6: 520/634 Loss: 43.648338
2023-09-13 00:28: Train Epoch 6: 540/634 Loss: 44.948284
2023-09-13 00:29: Train Epoch 6: 560/634 Loss: 42.219986
2023-09-13 00:30: Train Epoch 6: 580/634 Loss: 42.342121
2023-09-13 00:31: Train Epoch 6: 600/634 Loss: 42.319996
2023-09-13 00:32: Train Epoch 6: 620/634 Loss: 47.094311
2023-09-13 00:33: **********Train Epoch 6: averaged Loss: 49.193646
2023-09-13 00:36: **********Val Epoch 6: average Loss: 55.129587
2023-09-13 00:36: Train Epoch 7: 0/634 Loss: 57.971645
2023-09-13 00:37: Train Epoch 7: 20/634 Loss: 47.904385
2023-09-13 00:38: Train Epoch 7: 40/634 Loss: 42.586159
2023-09-13 00:39: Train Epoch 7: 60/634 Loss: 38.566090
2023-09-13 00:40: Train Epoch 7: 80/634 Loss: 43.552425
2023-09-13 00:41: Train Epoch 7: 100/634 Loss: 45.189434
2023-09-13 00:42: Train Epoch 7: 120/634 Loss: 39.870728
2023-09-13 00:43: Train Epoch 7: 140/634 Loss: 41.155148
2023-09-13 00:44: Train Epoch 7: 160/634 Loss: 49.532177
2023-09-13 00:45: Train Epoch 7: 180/634 Loss: 46.920738
2023-09-13 00:46: Train Epoch 7: 200/634 Loss: 54.139370
2023-09-13 00:47: Train Epoch 7: 220/634 Loss: 49.765076
2023-09-13 00:48: Train Epoch 7: 240/634 Loss: 47.192455
2023-09-13 00:49: Train Epoch 7: 260/634 Loss: 38.605610
2023-09-13 00:50: Train Epoch 7: 280/634 Loss: 42.604149
2023-09-13 00:51: Train Epoch 7: 300/634 Loss: 44.121216
2023-09-13 00:52: Train Epoch 7: 320/634 Loss: 40.661747
2023-09-13 00:53: Train Epoch 7: 340/634 Loss: 34.140903
2023-09-13 00:54: Train Epoch 7: 360/634 Loss: 37.535305
2023-09-13 00:55: Train Epoch 7: 380/634 Loss: 34.352615
2023-09-13 00:56: Train Epoch 7: 400/634 Loss: 42.770782
2023-09-13 00:57: Train Epoch 7: 420/634 Loss: 48.114506
2023-09-13 00:58: Train Epoch 7: 440/634 Loss: 40.423676
2023-09-13 00:59: Train Epoch 7: 460/634 Loss: 38.719456
2023-09-13 01:00: Train Epoch 7: 480/634 Loss: 48.569843
2023-09-13 01:01: Train Epoch 7: 500/634 Loss: 47.548523
2023-09-13 01:02: Train Epoch 7: 520/634 Loss: 43.478645
2023-09-13 01:03: Train Epoch 7: 540/634 Loss: 44.070408
2023-09-13 01:04: Train Epoch 7: 560/634 Loss: 39.914753
2023-09-13 01:05: Train Epoch 7: 580/634 Loss: 45.180870
2023-09-13 01:06: Train Epoch 7: 600/634 Loss: 37.388100
2023-09-13 01:07: Train Epoch 7: 620/634 Loss: 34.951683
2023-09-13 01:08: **********Train Epoch 7: averaged Loss: 42.666958
2023-09-13 01:11: **********Val Epoch 7: average Loss: 43.003829
2023-09-13 01:11: Train Epoch 8: 0/634 Loss: 44.129482
2023-09-13 01:12: Train Epoch 8: 20/634 Loss: 41.742134
2023-09-13 01:13: Train Epoch 8: 40/634 Loss: 36.304489
2023-09-13 01:14: Train Epoch 8: 60/634 Loss: 40.169537
2023-09-13 01:15: Train Epoch 8: 80/634 Loss: 38.643948
2023-09-13 01:16: Train Epoch 8: 100/634 Loss: 37.750340
2023-09-13 01:17: Train Epoch 8: 120/634 Loss: 42.114685
2023-09-13 01:18: Train Epoch 8: 140/634 Loss: 33.214516
2023-09-13 01:19: Train Epoch 8: 160/634 Loss: 35.209484
2023-09-13 01:20: Train Epoch 8: 180/634 Loss: 40.030106
2023-09-13 01:21: Train Epoch 8: 200/634 Loss: 34.043251
2023-09-13 01:22: Train Epoch 8: 220/634 Loss: 40.495201
2023-09-13 01:23: Train Epoch 8: 240/634 Loss: 39.376617
2023-09-13 01:24: Train Epoch 8: 260/634 Loss: 41.249008
2023-09-13 01:25: Train Epoch 8: 280/634 Loss: 38.180248
2023-09-13 01:26: Train Epoch 8: 300/634 Loss: 59.263439
2023-09-13 01:27: Train Epoch 8: 320/634 Loss: 37.251503
2023-09-13 01:28: Train Epoch 8: 340/634 Loss: 35.977924
2023-09-13 01:29: Train Epoch 8: 360/634 Loss: 42.399746
2023-09-13 01:30: Train Epoch 8: 380/634 Loss: 35.511429
2023-09-13 01:31: Train Epoch 8: 400/634 Loss: 37.556149
2023-09-13 01:32: Train Epoch 8: 420/634 Loss: 39.607224
2023-09-13 01:33: Train Epoch 8: 440/634 Loss: 51.088951
2023-09-13 01:34: Train Epoch 8: 460/634 Loss: 44.287861
2023-09-13 01:35: Train Epoch 8: 480/634 Loss: 42.653206
2023-09-13 01:36: Train Epoch 8: 500/634 Loss: 41.322002
2023-09-13 01:37: Train Epoch 8: 520/634 Loss: 36.229126
2023-09-13 01:38: Train Epoch 8: 540/634 Loss: 45.819145
2023-09-13 01:39: Train Epoch 8: 560/634 Loss: 44.197792
2023-09-13 01:40: Train Epoch 8: 580/634 Loss: 45.253605
2023-09-13 01:41: Train Epoch 8: 600/634 Loss: 51.452637
2023-09-13 01:42: Train Epoch 8: 620/634 Loss: 42.957161
2023-09-13 01:43: **********Train Epoch 8: averaged Loss: 40.034846
2023-09-13 01:46: **********Val Epoch 8: average Loss: 39.383841
2023-09-13 01:46: Train Epoch 9: 0/634 Loss: 38.813206
2023-09-13 01:47: Train Epoch 9: 20/634 Loss: 37.147522
2023-09-13 01:48: Train Epoch 9: 40/634 Loss: 37.480640
2023-09-13 01:49: Train Epoch 9: 60/634 Loss: 38.818745
2023-09-13 01:50: Train Epoch 9: 80/634 Loss: 35.441460
2023-09-13 01:51: Train Epoch 9: 100/634 Loss: 34.478886
2023-09-13 01:52: Train Epoch 9: 120/634 Loss: 36.903458
2023-09-13 01:53: Train Epoch 9: 140/634 Loss: 29.662441
2023-09-13 01:54: Train Epoch 9: 160/634 Loss: 39.600758
2023-09-13 01:55: Train Epoch 9: 180/634 Loss: 34.407799
2023-09-13 01:56: Train Epoch 9: 200/634 Loss: 38.800819
2023-09-13 01:57: Train Epoch 9: 220/634 Loss: 35.288895
2023-09-13 01:58: Train Epoch 9: 240/634 Loss: 40.510574
2023-09-13 01:59: Train Epoch 9: 260/634 Loss: 39.927982
2023-09-13 02:00: Train Epoch 9: 280/634 Loss: 39.452240
2023-09-13 02:01: Train Epoch 9: 300/634 Loss: 29.714701
2023-09-13 02:02: Train Epoch 9: 320/634 Loss: 37.543674
2023-09-13 02:04: Train Epoch 9: 340/634 Loss: 36.461353
2023-09-13 02:05: Train Epoch 9: 360/634 Loss: 41.099911
2023-09-13 02:06: Train Epoch 9: 380/634 Loss: 36.159771
2023-09-13 02:07: Train Epoch 9: 400/634 Loss: 36.764408
2023-09-13 02:08: Train Epoch 9: 420/634 Loss: 24.544340
2023-09-13 02:09: Train Epoch 9: 440/634 Loss: 43.312443
2023-09-13 02:10: Train Epoch 9: 460/634 Loss: 39.531872
2023-09-13 02:11: Train Epoch 9: 480/634 Loss: 41.266644
2023-09-13 02:12: Train Epoch 9: 500/634 Loss: 47.094753
2023-09-13 02:13: Train Epoch 9: 520/634 Loss: 38.529652
2023-09-13 02:14: Train Epoch 9: 540/634 Loss: 34.167568
2023-09-13 02:15: Train Epoch 9: 560/634 Loss: 52.021008
2023-09-13 02:16: Train Epoch 9: 580/634 Loss: 40.131695
2023-09-13 02:17: Train Epoch 9: 600/634 Loss: 37.399891
2023-09-13 02:18: Train Epoch 9: 620/634 Loss: 33.366901
2023-09-13 02:18: **********Train Epoch 9: averaged Loss: 37.233161
2023-09-13 02:22: **********Val Epoch 9: average Loss: 36.834851
2023-09-13 02:22: Train Epoch 10: 0/634 Loss: 40.860794
2023-09-13 02:23: Train Epoch 10: 20/634 Loss: 40.474224
2023-09-13 02:24: Train Epoch 10: 40/634 Loss: 37.403816
2023-09-13 02:25: Train Epoch 10: 60/634 Loss: 35.486919
2023-09-13 02:26: Train Epoch 10: 80/634 Loss: 37.837517
2023-09-13 02:27: Train Epoch 10: 100/634 Loss: 33.993999
2023-09-13 02:28: Train Epoch 10: 120/634 Loss: 28.945024
2023-09-13 02:29: Train Epoch 10: 140/634 Loss: 33.678856
2023-09-13 02:30: Train Epoch 10: 160/634 Loss: 36.151009
2023-09-13 02:31: Train Epoch 10: 180/634 Loss: 32.893639
2023-09-13 02:32: Train Epoch 10: 200/634 Loss: 33.465363
2023-09-13 02:33: Train Epoch 10: 220/634 Loss: 37.456699
2023-09-13 02:34: Train Epoch 10: 240/634 Loss: 34.882671
2023-09-13 02:35: Train Epoch 10: 260/634 Loss: 37.931747
2023-09-13 02:36: Train Epoch 10: 280/634 Loss: 33.159149
2023-09-13 02:37: Train Epoch 10: 300/634 Loss: 35.704578
2023-09-13 02:38: Train Epoch 10: 320/634 Loss: 35.464539
2023-09-13 02:39: Train Epoch 10: 340/634 Loss: 36.428120
2023-09-13 02:40: Train Epoch 10: 360/634 Loss: 33.017159
2023-09-13 02:41: Train Epoch 10: 380/634 Loss: 41.521496
2023-09-13 02:42: Train Epoch 10: 400/634 Loss: 41.570992
2023-09-13 02:43: Train Epoch 10: 420/634 Loss: 37.030785
2023-09-13 02:44: Train Epoch 10: 440/634 Loss: 36.102608
2023-09-13 02:45: Train Epoch 10: 460/634 Loss: 40.646648
2023-09-13 02:46: Train Epoch 10: 480/634 Loss: 37.648006
2023-09-13 02:47: Train Epoch 10: 500/634 Loss: 36.207932
2023-09-13 02:48: Train Epoch 10: 520/634 Loss: 35.192986
2023-09-13 02:49: Train Epoch 10: 540/634 Loss: 34.198788
2023-09-13 02:50: Train Epoch 10: 560/634 Loss: 33.156406
2023-09-13 02:51: Train Epoch 10: 580/634 Loss: 43.263287
2023-09-13 02:52: Train Epoch 10: 600/634 Loss: 38.799740
2023-09-13 02:53: Train Epoch 10: 620/634 Loss: 35.760410
2023-09-13 02:54: **********Train Epoch 10: averaged Loss: 36.292946
2023-09-13 02:57: **********Val Epoch 10: average Loss: 36.298289
2023-09-13 02:57: Train Epoch 11: 0/634 Loss: 35.541718
2023-09-13 02:58: Train Epoch 11: 20/634 Loss: 36.768120
2023-09-13 02:59: Train Epoch 11: 40/634 Loss: 34.745193
2023-09-13 03:00: Train Epoch 11: 60/634 Loss: 33.209171
2023-09-13 03:01: Train Epoch 11: 80/634 Loss: 41.075748
2023-09-13 03:02: Train Epoch 11: 100/634 Loss: 33.724300
2023-09-13 03:03: Train Epoch 11: 120/634 Loss: 28.708033
2023-09-13 03:04: Train Epoch 11: 140/634 Loss: 37.802338
2023-09-13 03:05: Train Epoch 11: 160/634 Loss: 36.041149
2023-09-13 03:06: Train Epoch 11: 180/634 Loss: 32.495209
2023-09-13 03:07: Train Epoch 11: 200/634 Loss: 33.389084
2023-09-13 03:08: Train Epoch 11: 220/634 Loss: 31.191109
2023-09-13 03:09: Train Epoch 11: 240/634 Loss: 32.686558
2023-09-13 03:10: Train Epoch 11: 260/634 Loss: 36.851505
2023-09-13 03:11: Train Epoch 11: 280/634 Loss: 36.530979
2023-09-13 03:12: Train Epoch 11: 300/634 Loss: 30.643269
2023-09-13 03:13: Train Epoch 11: 320/634 Loss: 34.412109
2023-09-13 03:14: Train Epoch 11: 340/634 Loss: 30.898430
2023-09-13 03:15: Train Epoch 11: 360/634 Loss: 36.787365
2023-09-13 03:16: Train Epoch 11: 380/634 Loss: 28.719765
2023-09-13 03:17: Train Epoch 11: 400/634 Loss: 35.454792
2023-09-13 03:18: Train Epoch 11: 420/634 Loss: 31.290253
2023-09-13 03:19: Train Epoch 11: 440/634 Loss: 28.204874
2023-09-13 03:20: Train Epoch 11: 460/634 Loss: 34.824440
2023-09-13 03:21: Train Epoch 11: 480/634 Loss: 41.497894
2023-09-13 03:22: Train Epoch 11: 500/634 Loss: 33.652565
2023-09-13 03:23: Train Epoch 11: 520/634 Loss: 42.609550
2023-09-13 03:24: Train Epoch 11: 540/634 Loss: 37.300915
2023-09-13 03:25: Train Epoch 11: 560/634 Loss: 32.996372
2023-09-13 03:26: Train Epoch 11: 580/634 Loss: 32.185905
2023-09-13 03:28: Train Epoch 11: 600/634 Loss: 31.594872
2023-09-13 03:29: Train Epoch 11: 620/634 Loss: 31.659973
2023-09-13 03:29: **********Train Epoch 11: averaged Loss: 34.918327
2023-09-13 03:32: **********Val Epoch 11: average Loss: 35.451760
2023-09-13 03:32: Train Epoch 12: 0/634 Loss: 31.981014
2023-09-13 03:33: Train Epoch 12: 20/634 Loss: 36.665024
2023-09-13 03:34: Train Epoch 12: 40/634 Loss: 27.657366
2023-09-13 03:35: Train Epoch 12: 60/634 Loss: 37.900917
2023-09-13 03:36: Train Epoch 12: 80/634 Loss: 25.786551
2023-09-13 03:37: Train Epoch 12: 100/634 Loss: 33.265736
2023-09-13 03:38: Train Epoch 12: 120/634 Loss: 32.884331
2023-09-13 03:39: Train Epoch 12: 140/634 Loss: 33.659279
2023-09-13 03:40: Train Epoch 12: 160/634 Loss: 30.806307
2023-09-13 03:41: Train Epoch 12: 180/634 Loss: 31.914984
2023-09-13 03:42: Train Epoch 12: 200/634 Loss: 28.981556
2023-09-13 03:43: Train Epoch 12: 220/634 Loss: 28.965660
2023-09-13 03:44: Train Epoch 12: 240/634 Loss: 27.502193
2023-09-13 03:46: Train Epoch 12: 260/634 Loss: 30.509624
2023-09-13 03:47: Train Epoch 12: 280/634 Loss: 32.242966
2023-09-13 03:48: Train Epoch 12: 300/634 Loss: 31.763138
2023-09-13 03:49: Train Epoch 12: 320/634 Loss: 36.177399
2023-09-13 03:50: Train Epoch 12: 340/634 Loss: 27.659372
2023-09-13 03:51: Train Epoch 12: 360/634 Loss: 26.811485
2023-09-13 03:52: Train Epoch 12: 380/634 Loss: 28.354813
2023-09-13 03:53: Train Epoch 12: 400/634 Loss: 29.988249
2023-09-13 03:54: Train Epoch 12: 420/634 Loss: 28.717207
2023-09-13 03:55: Train Epoch 12: 440/634 Loss: 31.343767
2023-09-13 03:56: Train Epoch 12: 460/634 Loss: 27.164915
2023-09-13 03:57: Train Epoch 12: 480/634 Loss: 31.470289
2023-09-13 03:58: Train Epoch 12: 500/634 Loss: 32.980328
2023-09-13 03:59: Train Epoch 12: 520/634 Loss: 28.803913
2023-09-13 04:00: Train Epoch 12: 540/634 Loss: 31.725737
2023-09-13 04:01: Train Epoch 12: 560/634 Loss: 35.351784
2023-09-13 04:02: Train Epoch 12: 580/634 Loss: 29.120480
2023-09-13 04:03: Train Epoch 12: 600/634 Loss: 29.532656
2023-09-13 04:04: Train Epoch 12: 620/634 Loss: 28.257563
2023-09-13 04:05: **********Train Epoch 12: averaged Loss: 31.089729
2023-09-13 04:08: **********Val Epoch 12: average Loss: 29.170385
2023-09-13 04:08: Train Epoch 13: 0/634 Loss: 31.669735
2023-09-13 04:09: Train Epoch 13: 20/634 Loss: 29.154724
2023-09-13 04:10: Train Epoch 13: 40/634 Loss: 27.261555
2023-09-13 04:11: Train Epoch 13: 60/634 Loss: 27.734783
2023-09-13 04:12: Train Epoch 13: 80/634 Loss: 29.077520
2023-09-13 04:13: Train Epoch 13: 100/634 Loss: 29.327667
2023-09-13 04:14: Train Epoch 13: 120/634 Loss: 24.959774
2023-09-13 04:15: Train Epoch 13: 140/634 Loss: 28.002213
2023-09-13 04:16: Train Epoch 13: 160/634 Loss: 27.694050
2023-09-13 04:17: Train Epoch 13: 180/634 Loss: 28.797434
2023-09-13 04:18: Train Epoch 13: 200/634 Loss: 27.000574
2023-09-13 04:19: Train Epoch 13: 220/634 Loss: 29.339306
2023-09-13 04:20: Train Epoch 13: 240/634 Loss: 29.064579
2023-09-13 04:21: Train Epoch 13: 260/634 Loss: 26.493414
2023-09-13 04:22: Train Epoch 13: 280/634 Loss: 27.722679
2023-09-13 04:23: Train Epoch 13: 300/634 Loss: 30.305037
2023-09-13 04:24: Train Epoch 13: 320/634 Loss: 30.473076
2023-09-13 04:25: Train Epoch 13: 340/634 Loss: 28.316168
2023-09-13 04:26: Train Epoch 13: 360/634 Loss: 30.931927
2023-09-13 04:27: Train Epoch 13: 380/634 Loss: 28.198503
2023-09-13 04:28: Train Epoch 13: 400/634 Loss: 29.424049
2023-09-13 04:29: Train Epoch 13: 420/634 Loss: 30.406544
2023-09-13 04:30: Train Epoch 13: 440/634 Loss: 30.325523
2023-09-13 04:31: Train Epoch 13: 460/634 Loss: 22.557936
2023-09-13 04:32: Train Epoch 13: 480/634 Loss: 26.138565
2023-09-13 04:33: Train Epoch 13: 500/634 Loss: 29.347252
2023-09-13 04:34: Train Epoch 13: 520/634 Loss: 28.433792
2023-09-13 04:35: Train Epoch 13: 540/634 Loss: 28.235695
2023-09-13 04:36: Train Epoch 13: 560/634 Loss: 27.719885
2023-09-13 04:37: Train Epoch 13: 580/634 Loss: 28.129538
2023-09-13 04:38: Train Epoch 13: 600/634 Loss: 25.801058
2023-09-13 04:39: Train Epoch 13: 620/634 Loss: 24.058077
2023-09-13 04:40: **********Train Epoch 13: averaged Loss: 28.245196
2023-09-13 04:43: **********Val Epoch 13: average Loss: 27.778933
2023-09-13 04:43: Train Epoch 14: 0/634 Loss: 23.736391
2023-09-13 04:44: Train Epoch 14: 20/634 Loss: 23.697365
2023-09-13 04:45: Train Epoch 14: 40/634 Loss: 35.233501
2023-09-13 04:46: Train Epoch 14: 60/634 Loss: 28.390503
2023-09-13 04:47: Train Epoch 14: 80/634 Loss: 21.457113
2023-09-13 04:48: Train Epoch 14: 100/634 Loss: 25.386175
2023-09-13 04:49: Train Epoch 14: 120/634 Loss: 28.494137
2023-09-13 04:50: Train Epoch 14: 140/634 Loss: 30.167097
2023-09-13 04:51: Train Epoch 14: 160/634 Loss: 25.947271
2023-09-13 04:52: Train Epoch 14: 180/634 Loss: 24.549603
2023-09-13 04:53: Train Epoch 14: 200/634 Loss: 24.641571
2023-09-13 04:54: Train Epoch 14: 220/634 Loss: 27.500586
2023-09-13 04:55: Train Epoch 14: 240/634 Loss: 23.817684
2023-09-13 04:56: Train Epoch 14: 260/634 Loss: 29.556383
2023-09-13 04:57: Train Epoch 14: 280/634 Loss: 26.482658
2023-09-13 04:58: Train Epoch 14: 300/634 Loss: 27.973917
2023-09-13 04:59: Train Epoch 14: 320/634 Loss: 25.165592
2023-09-13 05:00: Train Epoch 14: 340/634 Loss: 26.235447
2023-09-13 05:01: Train Epoch 14: 360/634 Loss: 23.728394
2023-09-13 05:02: Train Epoch 14: 380/634 Loss: 27.283354
2023-09-13 05:03: Train Epoch 14: 400/634 Loss: 24.898727
2023-09-13 05:04: Train Epoch 14: 420/634 Loss: 29.774809
2023-09-13 05:05: Train Epoch 14: 440/634 Loss: 28.310478
2023-09-13 05:06: Train Epoch 14: 460/634 Loss: 23.589828
2023-09-13 05:07: Train Epoch 14: 480/634 Loss: 33.107082
2023-09-13 05:08: Train Epoch 14: 500/634 Loss: 25.650724
2023-09-13 05:09: Train Epoch 14: 520/634 Loss: 26.482925
2023-09-13 05:11: Train Epoch 14: 540/634 Loss: 23.090103
2023-09-13 05:12: Train Epoch 14: 560/634 Loss: 30.961147
2023-09-13 05:13: Train Epoch 14: 580/634 Loss: 24.181372
2023-09-13 05:14: Train Epoch 14: 600/634 Loss: 24.425564
2023-09-13 05:15: Train Epoch 14: 620/634 Loss: 28.060097
2023-09-13 05:15: **********Train Epoch 14: averaged Loss: 27.099878
2023-09-13 05:18: **********Val Epoch 14: average Loss: 26.007002
2023-09-13 05:18: *********************************Current best model saved!
2023-09-13 05:18: Train Epoch 15: 0/634 Loss: 22.440113
2023-09-13 05:19: Train Epoch 15: 20/634 Loss: 26.865479
2023-09-13 05:20: Train Epoch 15: 40/634 Loss: 25.318855
2023-09-13 05:21: Train Epoch 15: 60/634 Loss: 30.152227
2023-09-13 05:22: Train Epoch 15: 80/634 Loss: 28.411499
2023-09-13 05:23: Train Epoch 15: 100/634 Loss: 30.480320
2023-09-13 05:25: Train Epoch 15: 120/634 Loss: 33.018753
2023-09-13 05:26: Train Epoch 15: 140/634 Loss: 28.653944
2023-09-13 05:27: Train Epoch 15: 160/634 Loss: 26.356966
2023-09-13 05:28: Train Epoch 15: 180/634 Loss: 26.151882
2023-09-13 05:29: Train Epoch 15: 200/634 Loss: 26.203173
2023-09-13 05:30: Train Epoch 15: 220/634 Loss: 25.863174
2023-09-13 05:31: Train Epoch 15: 240/634 Loss: 26.759859
2023-09-13 05:32: Train Epoch 15: 260/634 Loss: 32.433033
2023-09-13 05:33: Train Epoch 15: 280/634 Loss: 25.703831
2023-09-13 05:34: Train Epoch 15: 300/634 Loss: 28.895712
2023-09-13 05:35: Train Epoch 15: 320/634 Loss: 24.936661
2023-09-13 05:36: Train Epoch 15: 340/634 Loss: 29.206493
2023-09-13 05:37: Train Epoch 15: 360/634 Loss: 25.506142
2023-09-13 05:38: Train Epoch 15: 380/634 Loss: 20.708080
2023-09-13 05:39: Train Epoch 15: 400/634 Loss: 28.140059
2023-09-13 05:40: Train Epoch 15: 420/634 Loss: 24.196314
2023-09-13 05:41: Train Epoch 15: 440/634 Loss: 24.667404
2023-09-13 05:42: Train Epoch 15: 460/634 Loss: 21.506002
2023-09-13 05:43: Train Epoch 15: 480/634 Loss: 24.776329
2023-09-13 05:44: Train Epoch 15: 500/634 Loss: 27.350760
2023-09-13 05:45: Train Epoch 15: 520/634 Loss: 23.496614
2023-09-13 05:46: Train Epoch 15: 540/634 Loss: 23.418856
2023-09-13 05:47: Train Epoch 15: 560/634 Loss: 24.133987
2023-09-13 05:48: Train Epoch 15: 580/634 Loss: 23.686810
2023-09-13 05:49: Train Epoch 15: 600/634 Loss: 30.112188
2023-09-13 05:50: Train Epoch 15: 620/634 Loss: 22.430294
2023-09-13 05:51: **********Train Epoch 15: averaged Loss: 26.039878
2023-09-13 05:54: **********Val Epoch 15: average Loss: 25.173968
2023-09-13 05:54: *********************************Current best model saved!
2023-09-13 05:54: Train Epoch 16: 0/634 Loss: 21.826651
2023-09-13 05:55: Train Epoch 16: 20/634 Loss: 23.772539
2023-09-13 05:56: Train Epoch 16: 40/634 Loss: 28.965433
2023-09-13 05:57: Train Epoch 16: 60/634 Loss: 27.141808
2023-09-13 05:58: Train Epoch 16: 80/634 Loss: 22.922215
2023-09-13 05:59: Train Epoch 16: 100/634 Loss: 28.648891
2023-09-13 06:00: Train Epoch 16: 120/634 Loss: 26.691050
2023-09-13 06:01: Train Epoch 16: 140/634 Loss: 26.014626
2023-09-13 06:02: Train Epoch 16: 160/634 Loss: 23.894693
2023-09-13 06:03: Train Epoch 16: 180/634 Loss: 23.378923
2023-09-13 06:04: Train Epoch 16: 200/634 Loss: 20.929468
2023-09-13 06:05: Train Epoch 16: 220/634 Loss: 22.160089
2023-09-13 06:06: Train Epoch 16: 240/634 Loss: 24.220606
2023-09-13 06:07: Train Epoch 16: 260/634 Loss: 27.317183
2023-09-13 06:08: Train Epoch 16: 280/634 Loss: 23.286587
2023-09-13 06:09: Train Epoch 16: 300/634 Loss: 29.006079
2023-09-13 06:10: Train Epoch 16: 320/634 Loss: 20.404797
2023-09-13 06:11: Train Epoch 16: 340/634 Loss: 23.551941
2023-09-13 06:12: Train Epoch 16: 360/634 Loss: 21.077019
2023-09-13 06:13: Train Epoch 16: 380/634 Loss: 26.646307
2023-09-13 06:14: Train Epoch 16: 400/634 Loss: 26.568850
2023-09-13 06:15: Train Epoch 16: 420/634 Loss: 31.462631
2023-09-13 06:16: Train Epoch 16: 440/634 Loss: 25.440983
2023-09-13 06:17: Train Epoch 16: 460/634 Loss: 22.143147
2023-09-13 06:18: Train Epoch 16: 480/634 Loss: 23.395962
2023-09-13 06:19: Train Epoch 16: 500/634 Loss: 21.339493
2023-09-13 06:20: Train Epoch 16: 520/634 Loss: 25.898869
2023-09-13 06:21: Train Epoch 16: 540/634 Loss: 24.019056
2023-09-13 06:22: Train Epoch 16: 560/634 Loss: 25.986904
2023-09-13 06:23: Train Epoch 16: 580/634 Loss: 28.673471
2023-09-13 06:24: Train Epoch 16: 600/634 Loss: 22.951864
2023-09-13 06:25: Train Epoch 16: 620/634 Loss: 28.981567
2023-09-13 06:26: **********Train Epoch 16: averaged Loss: 25.437297
2023-09-13 06:29: **********Val Epoch 16: average Loss: 28.538837
2023-09-13 06:29: Train Epoch 17: 0/634 Loss: 22.445860
2023-09-13 06:30: Train Epoch 17: 20/634 Loss: 29.576607
2023-09-13 06:31: Train Epoch 17: 40/634 Loss: 23.585566
2023-09-13 06:32: Train Epoch 17: 60/634 Loss: 25.721783
2023-09-13 06:33: Train Epoch 17: 80/634 Loss: 28.568638
2023-09-13 06:34: Train Epoch 17: 100/634 Loss: 27.709616
2023-09-13 06:35: Train Epoch 17: 120/634 Loss: 21.596075
2023-09-13 06:36: Train Epoch 17: 140/634 Loss: 26.073318
2023-09-13 06:37: Train Epoch 17: 160/634 Loss: 26.878675
2023-09-13 06:39: Train Epoch 17: 180/634 Loss: 30.606068
2023-09-13 06:40: Train Epoch 17: 200/634 Loss: 26.211540
2023-09-13 06:41: Train Epoch 17: 220/634 Loss: 27.146482
2023-09-13 06:42: Train Epoch 17: 240/634 Loss: 24.692818
2023-09-13 06:43: Train Epoch 17: 260/634 Loss: 24.049053
2023-09-13 06:44: Train Epoch 17: 280/634 Loss: 30.849638
2023-09-13 06:45: Train Epoch 17: 300/634 Loss: 29.665272
2023-09-13 06:46: Train Epoch 17: 320/634 Loss: 22.042562
2023-09-13 06:47: Train Epoch 17: 340/634 Loss: 24.441425
2023-09-13 06:48: Train Epoch 17: 360/634 Loss: 21.799454
2023-09-13 06:49: Train Epoch 17: 380/634 Loss: 22.410326
2023-09-13 06:50: Train Epoch 17: 400/634 Loss: 21.789602
2023-09-13 06:51: Train Epoch 17: 420/634 Loss: 22.712690
2023-09-13 06:52: Train Epoch 17: 440/634 Loss: 27.189331
2023-09-13 06:53: Train Epoch 17: 460/634 Loss: 29.652147
2023-09-13 06:54: Train Epoch 17: 480/634 Loss: 26.129694
2023-09-13 06:55: Train Epoch 17: 500/634 Loss: 21.147345
2023-09-13 06:56: Train Epoch 17: 520/634 Loss: 21.906303
2023-09-13 06:57: Train Epoch 17: 540/634 Loss: 22.079123
2023-09-13 06:58: Train Epoch 17: 560/634 Loss: 26.033554
2023-09-13 06:59: Train Epoch 17: 580/634 Loss: 23.067183
2023-09-13 07:00: Train Epoch 17: 600/634 Loss: 25.412838
2023-09-13 07:01: Train Epoch 17: 620/634 Loss: 21.469471
2023-09-13 07:02: **********Train Epoch 17: averaged Loss: 25.144205
2023-09-13 07:05: **********Val Epoch 17: average Loss: 26.236316
2023-09-13 07:05: Train Epoch 18: 0/634 Loss: 24.528334
2023-09-13 07:06: Train Epoch 18: 20/634 Loss: 27.395439
2023-09-13 07:07: Train Epoch 18: 40/634 Loss: 24.222048
2023-09-13 07:08: Train Epoch 18: 60/634 Loss: 26.812746
2023-09-13 07:09: Train Epoch 18: 80/634 Loss: 26.117014
2023-09-13 07:10: Train Epoch 18: 100/634 Loss: 28.499084
2023-09-13 07:11: Train Epoch 18: 120/634 Loss: 22.462084
2023-09-13 07:12: Train Epoch 18: 140/634 Loss: 23.684994
2023-09-13 07:14: Train Epoch 18: 160/634 Loss: 26.049408
2023-09-13 07:15: Train Epoch 18: 180/634 Loss: 24.370611
2023-09-13 07:16: Train Epoch 18: 200/634 Loss: 22.802563
2023-09-13 07:17: Train Epoch 18: 220/634 Loss: 23.786266
2023-09-13 07:18: Train Epoch 18: 240/634 Loss: 23.083267
2023-09-13 07:19: Train Epoch 18: 260/634 Loss: 23.902863
2023-09-13 07:20: Train Epoch 18: 280/634 Loss: 23.802422
2023-09-13 07:21: Train Epoch 18: 300/634 Loss: 28.198029
2023-09-13 07:22: Train Epoch 18: 320/634 Loss: 25.920938
2023-09-13 07:23: Train Epoch 18: 340/634 Loss: 23.340322
2023-09-13 07:24: Train Epoch 18: 360/634 Loss: 28.525301
2023-09-13 07:25: Train Epoch 18: 380/634 Loss: 24.457443
2023-09-13 07:26: Train Epoch 18: 400/634 Loss: 23.364054
2023-09-13 07:27: Train Epoch 18: 420/634 Loss: 24.768267
2023-09-13 07:28: Train Epoch 18: 440/634 Loss: 23.321072
2023-09-13 07:29: Train Epoch 18: 460/634 Loss: 23.498398
2023-09-13 07:30: Train Epoch 18: 480/634 Loss: 22.707005
2023-09-13 07:31: Train Epoch 18: 500/634 Loss: 23.481903
2023-09-13 07:32: Train Epoch 18: 520/634 Loss: 26.511768
2023-09-13 07:33: Train Epoch 18: 540/634 Loss: 21.160606
2023-09-13 07:34: Train Epoch 18: 560/634 Loss: 30.251986
2023-09-13 07:35: Train Epoch 18: 580/634 Loss: 24.369568
2023-09-13 07:36: Train Epoch 18: 600/634 Loss: 24.955137
2023-09-13 07:37: Train Epoch 18: 620/634 Loss: 25.018955
2023-09-13 07:38: **********Train Epoch 18: averaged Loss: 24.422827
2023-09-13 07:41: **********Val Epoch 18: average Loss: 25.427374
2023-09-13 07:41: Train Epoch 19: 0/634 Loss: 26.110605
2023-09-13 07:42: Train Epoch 19: 20/634 Loss: 21.549568
2023-09-13 07:43: Train Epoch 19: 40/634 Loss: 24.261215
2023-09-13 07:44: Train Epoch 19: 60/634 Loss: 23.631466
2023-09-13 07:45: Train Epoch 19: 80/634 Loss: 23.745480
2023-09-13 07:47: Train Epoch 19: 100/634 Loss: 23.340593
2023-09-13 07:48: Train Epoch 19: 120/634 Loss: 25.172516
2023-09-13 07:49: Train Epoch 19: 140/634 Loss: 25.369665
2023-09-13 07:50: Train Epoch 19: 160/634 Loss: 23.904593
2023-09-13 07:51: Train Epoch 19: 180/634 Loss: 22.982342
2023-09-13 07:52: Train Epoch 19: 200/634 Loss: 26.290207
2023-09-13 07:53: Train Epoch 19: 220/634 Loss: 24.361832
2023-09-13 07:54: Train Epoch 19: 240/634 Loss: 24.291193
2023-09-13 07:55: Train Epoch 19: 260/634 Loss: 17.593893
2023-09-13 07:56: Train Epoch 19: 280/634 Loss: 25.564419
2023-09-13 07:57: Train Epoch 19: 300/634 Loss: 24.582087
2023-09-13 07:58: Train Epoch 19: 320/634 Loss: 22.912609
2023-09-13 07:59: Train Epoch 19: 340/634 Loss: 23.612535
2023-09-13 08:00: Train Epoch 19: 360/634 Loss: 24.323195
2023-09-13 08:01: Train Epoch 19: 380/634 Loss: 22.388777
2023-09-13 08:02: Train Epoch 19: 400/634 Loss: 24.253019
2023-09-13 08:03: Train Epoch 19: 420/634 Loss: 23.394278
2023-09-13 08:04: Train Epoch 19: 440/634 Loss: 23.419739
2023-09-13 08:05: Train Epoch 19: 460/634 Loss: 24.180397
2023-09-13 08:06: Train Epoch 19: 480/634 Loss: 25.593601
2023-09-13 08:07: Train Epoch 19: 500/634 Loss: 24.638399
2023-09-13 08:08: Train Epoch 19: 520/634 Loss: 22.116789
2023-09-13 08:09: Train Epoch 19: 540/634 Loss: 25.408251
2023-09-13 08:10: Train Epoch 19: 560/634 Loss: 47.561768
2023-09-13 08:11: Train Epoch 19: 580/634 Loss: 45.352001
2023-09-13 08:13: Train Epoch 19: 600/634 Loss: 34.829739
2023-09-13 08:14: Train Epoch 19: 620/634 Loss: 31.051920
2023-09-13 08:14: **********Train Epoch 19: averaged Loss: 26.670636
2023-09-13 08:17: **********Val Epoch 19: average Loss: 27.833186
2023-09-13 08:17: Train Epoch 20: 0/634 Loss: 27.998003
2023-09-13 08:18: Train Epoch 20: 20/634 Loss: 27.786392
2023-09-13 08:20: Train Epoch 20: 40/634 Loss: 30.307045
2023-09-13 08:21: Train Epoch 20: 60/634 Loss: 26.173258
2023-09-13 08:22: Train Epoch 20: 80/634 Loss: 34.357430
2023-09-13 08:23: Train Epoch 20: 100/634 Loss: 28.062006
2023-09-13 08:24: Train Epoch 20: 120/634 Loss: 26.271763
2023-09-13 08:25: Train Epoch 20: 140/634 Loss: 29.718323
2023-09-13 08:26: Train Epoch 20: 160/634 Loss: 27.467308
2023-09-13 08:27: Train Epoch 20: 180/634 Loss: 23.851994
2023-09-13 08:28: Train Epoch 20: 200/634 Loss: 26.254330
2023-09-13 08:29: Train Epoch 20: 220/634 Loss: 22.337511
2023-09-13 08:30: Train Epoch 20: 240/634 Loss: 29.447990
2023-09-13 08:31: Train Epoch 20: 260/634 Loss: 22.170532
2023-09-13 08:32: Train Epoch 20: 280/634 Loss: 25.606945
2023-09-13 08:33: Train Epoch 20: 300/634 Loss: 28.271168
2023-09-13 08:34: Train Epoch 20: 320/634 Loss: 22.008654
2023-09-13 08:35: Train Epoch 20: 340/634 Loss: 25.087601
2023-09-13 08:36: Train Epoch 20: 360/634 Loss: 27.982521
2023-09-13 08:37: Train Epoch 20: 380/634 Loss: 102.008842
2023-09-13 08:38: Train Epoch 20: 400/634 Loss: 89.144417
2023-09-13 08:39: Train Epoch 20: 420/634 Loss: 71.966293
2023-09-13 08:40: Train Epoch 20: 440/634 Loss: 59.148861
2023-09-13 08:41: Train Epoch 20: 460/634 Loss: 51.391041
2023-09-13 08:42: Train Epoch 20: 480/634 Loss: 42.069023
2023-09-13 08:43: Train Epoch 20: 500/634 Loss: 55.985012
2023-09-13 08:44: Train Epoch 20: 520/634 Loss: 55.929325
2023-09-13 08:45: Train Epoch 20: 540/634 Loss: 57.287842
2023-09-13 08:47: Train Epoch 20: 560/634 Loss: 51.225342
2023-09-13 08:48: Train Epoch 20: 580/634 Loss: 51.016392
2023-09-13 08:49: Train Epoch 20: 600/634 Loss: 83.102356
2023-09-13 08:50: Train Epoch 20: 620/634 Loss: 100.178734
2023-09-13 08:50: **********Train Epoch 20: averaged Loss: 45.354339
2023-09-13 08:53: **********Val Epoch 20: average Loss: 64.057045
2023-09-13 08:53: Train Epoch 21: 0/634 Loss: 60.384308
2023-09-13 08:55: Train Epoch 21: 20/634 Loss: 62.280293
2023-09-13 08:56: Train Epoch 21: 40/634 Loss: 65.017448
2023-09-13 08:57: Train Epoch 21: 60/634 Loss: 41.954575
2023-09-13 08:58: Train Epoch 21: 80/634 Loss: 52.397171
2023-09-13 08:59: Train Epoch 21: 100/634 Loss: 57.586983
2023-09-13 09:00: Train Epoch 21: 120/634 Loss: 49.741707
2023-09-13 09:01: Train Epoch 21: 140/634 Loss: 50.918747
2023-09-13 09:02: Train Epoch 21: 160/634 Loss: 51.319664
2023-09-13 09:03: Train Epoch 21: 180/634 Loss: 38.140610
2023-09-13 09:04: Train Epoch 21: 200/634 Loss: 39.060329
2023-09-13 09:05: Train Epoch 21: 220/634 Loss: 44.789173
2023-09-13 09:06: Train Epoch 21: 240/634 Loss: 34.496605
2023-09-13 09:07: Train Epoch 21: 260/634 Loss: 53.066116
2023-09-13 09:08: Train Epoch 21: 280/634 Loss: 43.500034
2023-09-13 09:09: Train Epoch 21: 300/634 Loss: 40.049488
2023-09-13 09:10: Train Epoch 21: 320/634 Loss: 47.142696
2023-09-13 09:11: Train Epoch 21: 340/634 Loss: 35.032314
2023-09-13 09:12: Train Epoch 21: 360/634 Loss: 35.841228
2023-09-13 09:13: Train Epoch 21: 380/634 Loss: 37.809860
2023-09-13 09:14: Train Epoch 21: 400/634 Loss: 32.715168
2023-09-13 09:15: Train Epoch 21: 420/634 Loss: 34.542107
2023-09-13 09:16: Train Epoch 21: 440/634 Loss: 33.465206
2023-09-13 09:17: Train Epoch 21: 460/634 Loss: 43.859528
2023-09-13 09:18: Train Epoch 21: 480/634 Loss: 37.132416
2023-09-13 09:19: Train Epoch 21: 500/634 Loss: 36.844990
2023-09-13 09:20: Train Epoch 21: 520/634 Loss: 39.074146
2023-09-13 09:21: Train Epoch 21: 540/634 Loss: 34.959217
2023-09-13 09:23: Train Epoch 21: 560/634 Loss: 40.777332
2023-09-13 09:24: Train Epoch 21: 580/634 Loss: 38.130192
2023-09-13 09:25: Train Epoch 21: 600/634 Loss: 34.453579
2023-09-13 09:26: Train Epoch 21: 620/634 Loss: 35.088177
2023-09-13 09:26: **********Train Epoch 21: averaged Loss: 43.554304
2023-09-13 09:29: **********Val Epoch 21: average Loss: 42.760294
2023-09-13 09:30: Train Epoch 22: 0/634 Loss: 38.030041
2023-09-13 09:31: Train Epoch 22: 20/634 Loss: 46.304508
2023-09-13 09:32: Train Epoch 22: 40/634 Loss: 43.993164
2023-09-13 09:33: Train Epoch 22: 60/634 Loss: 35.561363
2023-09-13 09:34: Train Epoch 22: 80/634 Loss: 32.326027
2023-09-13 09:35: Train Epoch 22: 100/634 Loss: 55.962093
2023-09-13 09:36: Train Epoch 22: 120/634 Loss: 32.867428
2023-09-13 09:37: Train Epoch 22: 140/634 Loss: 33.887272
2023-09-13 09:38: Train Epoch 22: 160/634 Loss: 32.348862
2023-09-13 09:39: Train Epoch 22: 180/634 Loss: 33.041283
2023-09-13 09:40: Train Epoch 22: 200/634 Loss: 41.813484
2023-09-13 09:41: Train Epoch 22: 220/634 Loss: 38.811859
2023-09-13 09:42: Train Epoch 22: 240/634 Loss: 35.022106
2023-09-13 09:43: Train Epoch 22: 260/634 Loss: 39.616707
2023-09-13 09:44: Train Epoch 22: 280/634 Loss: 28.741179
2023-09-13 09:45: Train Epoch 22: 300/634 Loss: 36.641533
2023-09-13 09:46: Train Epoch 22: 320/634 Loss: 31.803616
2023-09-13 09:47: Train Epoch 22: 340/634 Loss: 31.120045
2023-09-13 09:48: Train Epoch 22: 360/634 Loss: 30.988024
2023-09-13 09:49: Train Epoch 22: 380/634 Loss: 28.970497
2023-09-13 09:50: Train Epoch 22: 400/634 Loss: 32.696075
2023-09-13 09:51: Train Epoch 22: 420/634 Loss: 37.427082
2023-09-13 09:52: Train Epoch 22: 440/634 Loss: 26.739326
2023-09-13 09:53: Train Epoch 22: 460/634 Loss: 33.082748
2023-09-13 09:54: Train Epoch 22: 480/634 Loss: 33.616444
2023-09-13 09:55: Train Epoch 22: 500/634 Loss: 31.961920
2023-09-13 09:57: Train Epoch 22: 520/634 Loss: 34.100109
2023-09-13 09:58: Train Epoch 22: 540/634 Loss: 36.088890
2023-09-13 09:59: Train Epoch 22: 560/634 Loss: 28.847784
2023-09-13 10:00: Train Epoch 22: 580/634 Loss: 36.673565
2023-09-13 10:01: Train Epoch 22: 600/634 Loss: 37.335732
2023-09-13 10:02: Train Epoch 22: 620/634 Loss: 34.012589
2023-09-13 10:02: **********Train Epoch 22: averaged Loss: 34.982770
2023-09-13 10:06: **********Val Epoch 22: average Loss: 42.450587
2023-09-13 10:06: Train Epoch 23: 0/634 Loss: 35.723866
2023-09-13 10:07: Train Epoch 23: 20/634 Loss: 35.615917
2023-09-13 10:08: Train Epoch 23: 40/634 Loss: 29.636894
2023-09-13 10:09: Train Epoch 23: 60/634 Loss: 36.381649
2023-09-13 10:10: Train Epoch 23: 80/634 Loss: 36.330833
2023-09-13 10:11: Train Epoch 23: 100/634 Loss: 37.539604
2023-09-13 10:12: Train Epoch 23: 120/634 Loss: 31.396921
2023-09-13 10:13: Train Epoch 23: 140/634 Loss: 39.004902
2023-09-13 10:14: Train Epoch 23: 160/634 Loss: 29.674959
2023-09-13 10:15: Train Epoch 23: 180/634 Loss: 35.398190
2023-09-13 10:16: Train Epoch 23: 200/634 Loss: 33.468273
2023-09-13 10:17: Train Epoch 23: 220/634 Loss: 29.957167
2023-09-13 10:18: Train Epoch 23: 240/634 Loss: 32.615234
2023-09-13 10:19: Train Epoch 23: 260/634 Loss: 28.882122
2023-09-13 10:20: Train Epoch 23: 280/634 Loss: 34.933266
2023-09-13 10:21: Train Epoch 23: 300/634 Loss: 27.020823
2023-09-13 10:22: Train Epoch 23: 320/634 Loss: 23.628847
2023-09-13 10:23: Train Epoch 23: 340/634 Loss: 27.485531
2023-09-13 10:24: Train Epoch 23: 360/634 Loss: 29.558174
2023-09-13 10:25: Train Epoch 23: 380/634 Loss: 27.525080
2023-09-13 10:26: Train Epoch 23: 400/634 Loss: 30.676931
2023-09-13 10:28: Train Epoch 23: 420/634 Loss: 40.573147
2023-09-13 10:29: Train Epoch 23: 440/634 Loss: 29.629492
2023-09-13 10:30: Train Epoch 23: 460/634 Loss: 29.336592
2023-09-13 10:31: Train Epoch 23: 480/634 Loss: 29.475719
2023-09-13 10:32: Train Epoch 23: 500/634 Loss: 33.841217
2023-09-13 10:33: Train Epoch 23: 520/634 Loss: 36.152470
2023-09-13 10:34: Train Epoch 23: 540/634 Loss: 33.879166
2023-09-13 10:35: Train Epoch 23: 560/634 Loss: 27.638235
2023-09-13 10:36: Train Epoch 23: 580/634 Loss: 28.588484
2023-09-13 10:37: Train Epoch 23: 600/634 Loss: 34.168102
2023-09-13 10:38: Train Epoch 23: 620/634 Loss: 28.776476
2023-09-13 10:39: **********Train Epoch 23: averaged Loss: 32.601888
2023-09-13 10:42: **********Val Epoch 23: average Loss: 32.798605
2023-09-13 10:42: Train Epoch 24: 0/634 Loss: 27.659594
2023-09-13 10:43: Train Epoch 24: 20/634 Loss: 30.541893
2023-09-13 10:44: Train Epoch 24: 40/634 Loss: 32.629566
2023-09-13 10:45: Train Epoch 24: 60/634 Loss: 23.003408
2023-09-13 10:46: Train Epoch 24: 80/634 Loss: 37.226528
2023-09-13 10:47: Train Epoch 24: 100/634 Loss: 32.916107
2023-09-13 10:48: Train Epoch 24: 120/634 Loss: 38.319305
2023-09-13 10:49: Train Epoch 24: 140/634 Loss: 31.493015
2023-09-13 10:50: Train Epoch 24: 160/634 Loss: 32.455902
2023-09-13 10:51: Train Epoch 24: 180/634 Loss: 26.376699
2023-09-13 10:52: Train Epoch 24: 200/634 Loss: 33.259502
2023-09-13 10:53: Train Epoch 24: 220/634 Loss: 32.945995
2023-09-13 10:54: Train Epoch 24: 240/634 Loss: 29.543827
2023-09-13 10:55: Train Epoch 24: 260/634 Loss: 28.651733
2023-09-13 10:56: Train Epoch 24: 280/634 Loss: 30.319614
2023-09-13 10:57: Train Epoch 24: 300/634 Loss: 25.737793
2023-09-13 10:58: Train Epoch 24: 320/634 Loss: 26.844601
2023-09-13 10:59: Train Epoch 24: 340/634 Loss: 32.334438
2023-09-13 11:00: Train Epoch 24: 360/634 Loss: 37.364082
2023-09-13 11:01: Train Epoch 24: 380/634 Loss: 27.186644
2023-09-13 11:03: Train Epoch 24: 400/634 Loss: 30.769817
2023-09-13 11:04: Train Epoch 24: 420/634 Loss: 46.470963
2023-09-13 11:05: Train Epoch 24: 440/634 Loss: 31.239746
2023-09-13 11:06: Train Epoch 24: 460/634 Loss: 31.558313
2023-09-13 11:07: Train Epoch 24: 480/634 Loss: 32.706078
2023-09-13 11:08: Train Epoch 24: 500/634 Loss: 31.885132
2023-09-13 11:09: Train Epoch 24: 520/634 Loss: 29.323431
2023-09-13 11:10: Train Epoch 24: 540/634 Loss: 33.188877
2023-09-13 11:11: Train Epoch 24: 560/634 Loss: 26.335472
2023-09-13 11:12: Train Epoch 24: 580/634 Loss: 28.556305
2023-09-13 11:13: Train Epoch 24: 600/634 Loss: 40.025173
2023-09-13 11:14: Train Epoch 24: 620/634 Loss: 36.479015
2023-09-13 11:15: **********Train Epoch 24: averaged Loss: 31.726034
2023-09-13 11:18: **********Val Epoch 24: average Loss: 34.068306
2023-09-13 11:18: Train Epoch 25: 0/634 Loss: 36.475368
2023-09-13 11:19: Train Epoch 25: 20/634 Loss: 32.540775
2023-09-13 11:20: Train Epoch 25: 40/634 Loss: 31.071953
2023-09-13 11:21: Train Epoch 25: 60/634 Loss: 32.600151
2023-09-13 11:22: Train Epoch 25: 80/634 Loss: 39.973114
2023-09-13 11:23: Train Epoch 25: 100/634 Loss: 33.059212
2023-09-13 11:24: Train Epoch 25: 120/634 Loss: 34.177162
2023-09-13 11:25: Train Epoch 25: 140/634 Loss: 41.182667
2023-09-13 11:26: Train Epoch 25: 160/634 Loss: 34.884243
2023-09-13 11:27: Train Epoch 25: 180/634 Loss: 33.748695
2023-09-13 11:28: Train Epoch 25: 200/634 Loss: 29.025564
2023-09-13 11:29: Train Epoch 25: 220/634 Loss: 25.629951
2023-09-13 11:30: Train Epoch 25: 240/634 Loss: 33.353481
2023-09-13 11:31: Train Epoch 25: 260/634 Loss: 28.249233
2023-09-13 11:32: Train Epoch 25: 280/634 Loss: 28.698050
2023-09-13 11:33: Train Epoch 25: 300/634 Loss: 30.038416
2023-09-13 11:34: Train Epoch 25: 320/634 Loss: 30.488453
2023-09-13 11:35: Train Epoch 25: 340/634 Loss: 31.457970
2023-09-13 11:37: Train Epoch 25: 360/634 Loss: 30.623970
2023-09-13 11:38: Train Epoch 25: 380/634 Loss: 29.396135
2023-09-13 11:39: Train Epoch 25: 400/634 Loss: 27.545891
2023-09-13 11:40: Train Epoch 25: 420/634 Loss: 24.670816
2023-09-13 11:41: Train Epoch 25: 440/634 Loss: 29.160822
2023-09-13 11:42: Train Epoch 25: 460/634 Loss: 31.635983
2023-09-13 11:43: Train Epoch 25: 480/634 Loss: 31.720554
2023-09-13 11:44: Train Epoch 25: 500/634 Loss: 27.429544
2023-09-13 11:45: Train Epoch 25: 520/634 Loss: 37.350037
2023-09-13 11:46: Train Epoch 25: 540/634 Loss: 33.965748
2023-09-13 11:47: Train Epoch 25: 560/634 Loss: 30.375277
2023-09-13 11:48: Train Epoch 25: 580/634 Loss: 27.883144
2023-09-13 11:49: Train Epoch 25: 600/634 Loss: 27.088785
2023-09-13 11:50: Train Epoch 25: 620/634 Loss: 36.750828
2023-09-13 11:51: **********Train Epoch 25: averaged Loss: 31.080048
2023-09-13 11:54: **********Val Epoch 25: average Loss: 31.555282
2023-09-13 11:54: Train Epoch 26: 0/634 Loss: 28.781981
2023-09-13 11:55: Train Epoch 26: 20/634 Loss: 35.232483
2023-09-13 11:56: Train Epoch 26: 40/634 Loss: 32.951534
2023-09-13 11:57: Train Epoch 26: 60/634 Loss: 27.573950
2023-09-13 11:58: Train Epoch 26: 80/634 Loss: 32.309570
2023-09-13 11:59: Train Epoch 26: 100/634 Loss: 28.665752
2023-09-13 12:00: Train Epoch 26: 120/634 Loss: 25.437675
2023-09-13 12:01: Train Epoch 26: 140/634 Loss: 28.766699
2023-09-13 12:02: Train Epoch 26: 160/634 Loss: 24.185753
2023-09-13 12:03: Train Epoch 26: 180/634 Loss: 28.287468
2023-09-13 12:04: Train Epoch 26: 200/634 Loss: 30.458332
2023-09-13 12:05: Train Epoch 26: 220/634 Loss: 27.795393
2023-09-13 12:06: Train Epoch 26: 240/634 Loss: 33.774044
2023-09-13 12:07: Train Epoch 26: 260/634 Loss: 29.398939
2023-09-13 12:08: Train Epoch 26: 280/634 Loss: 34.488979
2023-09-13 12:10: Train Epoch 26: 300/634 Loss: 29.363190
2023-09-13 12:11: Train Epoch 26: 320/634 Loss: 27.400898
2023-09-13 12:12: Train Epoch 26: 340/634 Loss: 25.461208
2023-09-13 12:13: Train Epoch 26: 360/634 Loss: 28.478830
2023-09-13 12:14: Train Epoch 26: 380/634 Loss: 27.561119
2023-09-13 12:15: Train Epoch 26: 400/634 Loss: 28.222178
2023-09-13 12:16: Train Epoch 26: 420/634 Loss: 28.475887
2023-09-13 12:17: Train Epoch 26: 440/634 Loss: 25.990089
2023-09-13 12:18: Train Epoch 26: 460/634 Loss: 31.146322
2023-09-13 12:19: Train Epoch 26: 480/634 Loss: 26.689522
2023-09-13 12:20: Train Epoch 26: 500/634 Loss: 29.403666
2023-09-13 12:21: Train Epoch 26: 520/634 Loss: 26.087637
2023-09-13 12:22: Train Epoch 26: 540/634 Loss: 24.507881
2023-09-13 12:23: Train Epoch 26: 560/634 Loss: 31.449329
2023-09-13 12:24: Train Epoch 26: 580/634 Loss: 25.906672
2023-09-13 12:25: Train Epoch 26: 600/634 Loss: 32.567955
2023-09-13 12:26: Train Epoch 26: 620/634 Loss: 26.507025
2023-09-13 12:27: **********Train Epoch 26: averaged Loss: 29.061907
2023-09-13 12:30: **********Val Epoch 26: average Loss: 28.530125
2023-09-13 12:30: Train Epoch 27: 0/634 Loss: 23.166361
2023-09-13 12:31: Train Epoch 27: 20/634 Loss: 24.627813
2023-09-13 12:32: Train Epoch 27: 40/634 Loss: 24.876249
2023-09-13 12:33: Train Epoch 27: 60/634 Loss: 27.182306
2023-09-13 12:34: Train Epoch 27: 80/634 Loss: 24.480238
2023-09-13 12:35: Train Epoch 27: 100/634 Loss: 29.613169
2023-09-13 12:36: Train Epoch 27: 120/634 Loss: 25.299534
2023-09-13 12:37: Train Epoch 27: 140/634 Loss: 28.159174
2023-09-13 12:38: Train Epoch 27: 160/634 Loss: 30.717800
2023-09-13 12:39: Train Epoch 27: 180/634 Loss: 29.178154
2023-09-13 12:40: Train Epoch 27: 200/634 Loss: 30.174437
2023-09-13 12:41: Train Epoch 27: 220/634 Loss: 34.106812
2023-09-13 12:42: Train Epoch 27: 240/634 Loss: 29.447527
2023-09-13 12:43: Train Epoch 27: 260/634 Loss: 34.803780
2023-09-13 12:45: Train Epoch 27: 280/634 Loss: 30.973196
2023-09-13 12:46: Train Epoch 27: 300/634 Loss: 28.882305
2023-09-13 12:47: Train Epoch 27: 320/634 Loss: 38.027897
2023-09-13 12:48: Train Epoch 27: 340/634 Loss: 29.701803
2023-09-13 12:49: Train Epoch 27: 360/634 Loss: 32.196529
2023-09-13 12:50: Train Epoch 27: 380/634 Loss: 30.301361
2023-09-13 12:51: Train Epoch 27: 400/634 Loss: 27.835365
2023-09-13 12:52: Train Epoch 27: 420/634 Loss: 27.313284
2023-09-13 12:53: Train Epoch 27: 440/634 Loss: 29.397039
2023-09-13 12:54: Train Epoch 27: 460/634 Loss: 30.105339
2023-09-13 12:55: Train Epoch 27: 480/634 Loss: 33.866394
2023-09-13 12:56: Train Epoch 27: 500/634 Loss: 28.950005
2023-09-13 12:57: Train Epoch 27: 520/634 Loss: 27.725885
2023-09-13 12:58: Train Epoch 27: 540/634 Loss: 25.442150
2023-09-13 12:59: Train Epoch 27: 560/634 Loss: 24.792562
2023-09-13 13:00: Train Epoch 27: 580/634 Loss: 26.661549
2023-09-13 13:01: Train Epoch 27: 600/634 Loss: 29.437738
2023-09-13 13:02: Train Epoch 27: 620/634 Loss: 23.875313
2023-09-13 13:03: **********Train Epoch 27: averaged Loss: 29.396356
2023-09-13 13:06: **********Val Epoch 27: average Loss: 29.750330
2023-09-13 13:06: Train Epoch 28: 0/634 Loss: 28.267906
2023-09-13 13:07: Train Epoch 28: 20/634 Loss: 32.092384
2023-09-13 13:08: Train Epoch 28: 40/634 Loss: 22.708344
2023-09-13 13:09: Train Epoch 28: 60/634 Loss: 28.244606
2023-09-13 13:10: Train Epoch 28: 80/634 Loss: 30.040852
2023-09-13 13:11: Train Epoch 28: 100/634 Loss: 29.199551
2023-09-13 13:12: Train Epoch 28: 120/634 Loss: 30.906527
2023-09-13 13:13: Train Epoch 28: 140/634 Loss: 25.568108
2023-09-13 13:14: Train Epoch 28: 160/634 Loss: 32.387730
2023-09-13 13:15: Train Epoch 28: 180/634 Loss: 28.168131
2023-09-13 13:16: Train Epoch 28: 200/634 Loss: 25.683527
2023-09-13 13:17: Train Epoch 28: 220/634 Loss: 29.568258
2023-09-13 13:19: Train Epoch 28: 240/634 Loss: 26.738216
2023-09-13 13:20: Train Epoch 28: 260/634 Loss: 33.738525
2023-09-13 13:21: Train Epoch 28: 280/634 Loss: 26.685938
2023-09-13 13:22: Train Epoch 28: 300/634 Loss: 28.462753
2023-09-13 13:23: Train Epoch 28: 320/634 Loss: 29.752699
2023-09-13 13:24: Train Epoch 28: 340/634 Loss: 29.640486
2023-09-13 13:25: Train Epoch 28: 360/634 Loss: 21.418205
2023-09-13 13:26: Train Epoch 28: 380/634 Loss: 27.652962
2023-09-13 13:27: Train Epoch 28: 400/634 Loss: 25.455505
2023-09-13 13:28: Train Epoch 28: 420/634 Loss: 31.850874
2023-09-13 13:29: Train Epoch 28: 440/634 Loss: 30.617346
2023-09-13 13:30: Train Epoch 28: 460/634 Loss: 29.204639
2023-09-13 13:31: Train Epoch 28: 480/634 Loss: 27.372652
2023-09-13 13:32: Train Epoch 28: 500/634 Loss: 31.708780
2023-09-13 13:33: Train Epoch 28: 520/634 Loss: 28.427931
2023-09-13 13:34: Train Epoch 28: 540/634 Loss: 29.309870
2023-09-13 13:35: Train Epoch 28: 560/634 Loss: 28.529598
2023-09-13 13:36: Train Epoch 28: 580/634 Loss: 25.085684
2023-09-13 13:37: Train Epoch 28: 600/634 Loss: 27.729530
2023-09-13 13:38: Train Epoch 28: 620/634 Loss: 23.887161
2023-09-13 13:39: **********Train Epoch 28: averaged Loss: 28.534924
2023-09-13 13:42: **********Val Epoch 28: average Loss: 27.198361
2023-09-13 13:42: Train Epoch 29: 0/634 Loss: 26.799715
2023-09-13 13:43: Train Epoch 29: 20/634 Loss: 25.525263
2023-09-13 13:44: Train Epoch 29: 40/634 Loss: 29.421663
2023-09-13 13:45: Train Epoch 29: 60/634 Loss: 21.788177
2023-09-13 13:46: Train Epoch 29: 80/634 Loss: 27.554735
2023-09-13 13:47: Train Epoch 29: 100/634 Loss: 29.514893
2023-09-13 13:48: Train Epoch 29: 120/634 Loss: 31.210400
2023-09-13 13:49: Train Epoch 29: 140/634 Loss: 26.844437
2023-09-13 13:50: Train Epoch 29: 160/634 Loss: 24.652201
2023-09-13 13:51: Train Epoch 29: 180/634 Loss: 24.724203
2023-09-13 13:53: Train Epoch 29: 200/634 Loss: 27.371603
2023-09-13 13:54: Train Epoch 29: 220/634 Loss: 28.204325
2023-09-13 13:55: Train Epoch 29: 240/634 Loss: 23.373152
2023-09-13 13:56: Train Epoch 29: 260/634 Loss: 30.410513
2023-09-13 13:57: Train Epoch 29: 280/634 Loss: 33.513943
2023-09-13 13:58: Train Epoch 29: 300/634 Loss: 30.380039
2023-09-13 13:59: Train Epoch 29: 320/634 Loss: 34.228798
2023-09-13 14:00: Train Epoch 29: 340/634 Loss: 27.481068
2023-09-13 14:01: Train Epoch 29: 360/634 Loss: 24.787626
2023-09-13 14:02: Train Epoch 29: 380/634 Loss: 27.498438
2023-09-13 14:03: Train Epoch 29: 400/634 Loss: 25.994698
2023-09-13 14:04: Train Epoch 29: 420/634 Loss: 30.102926
2023-09-13 14:05: Train Epoch 29: 440/634 Loss: 28.829840
2023-09-13 14:06: Train Epoch 29: 460/634 Loss: 21.719709
2023-09-13 14:07: Train Epoch 29: 480/634 Loss: 25.894224
2023-09-13 14:08: Train Epoch 29: 500/634 Loss: 28.225422
2023-09-13 14:09: Train Epoch 29: 520/634 Loss: 26.143488
2023-09-13 14:10: Train Epoch 29: 540/634 Loss: 26.294325
2023-09-13 14:11: Train Epoch 29: 560/634 Loss: 25.250935
2023-09-13 14:12: Train Epoch 29: 580/634 Loss: 25.518320
2023-09-13 14:13: Train Epoch 29: 600/634 Loss: 29.908436
2023-09-13 14:14: Train Epoch 29: 620/634 Loss: 26.801117
2023-09-13 14:15: **********Train Epoch 29: averaged Loss: 26.959998
2023-09-13 14:18: **********Val Epoch 29: average Loss: 25.941742
2023-09-13 14:18: Train Epoch 30: 0/634 Loss: 23.995972
2023-09-13 14:19: Train Epoch 30: 20/634 Loss: 25.551342
2023-09-13 14:20: Train Epoch 30: 40/634 Loss: 30.256502
2023-09-13 14:21: Train Epoch 30: 60/634 Loss: 27.323809
2023-09-13 14:22: Train Epoch 30: 80/634 Loss: 31.056093
2023-09-13 14:23: Train Epoch 30: 100/634 Loss: 25.024778
2023-09-13 14:24: Train Epoch 30: 120/634 Loss: 29.095659
2023-09-13 14:25: Train Epoch 30: 140/634 Loss: 25.771255
2023-09-13 14:27: Train Epoch 30: 160/634 Loss: 30.296795
2023-09-13 14:28: Train Epoch 30: 180/634 Loss: 28.247776
2023-09-13 14:29: Train Epoch 30: 200/634 Loss: 27.140116
2023-09-13 14:30: Train Epoch 30: 220/634 Loss: 31.633984
2023-09-13 14:31: Train Epoch 30: 240/634 Loss: 30.804569
2023-09-13 14:32: Train Epoch 30: 260/634 Loss: 29.942099
2023-09-13 14:33: Train Epoch 30: 280/634 Loss: 26.322699
2023-09-13 14:34: Train Epoch 30: 300/634 Loss: 24.262993
2023-09-13 14:35: Train Epoch 30: 320/634 Loss: 24.682203
2023-09-13 14:36: Train Epoch 30: 340/634 Loss: 28.843145
2023-09-13 14:37: Train Epoch 30: 360/634 Loss: 25.990839
2023-09-13 14:38: Train Epoch 30: 380/634 Loss: 30.158743
2023-09-13 14:39: Train Epoch 30: 400/634 Loss: 23.979944
2023-09-13 14:40: Train Epoch 30: 420/634 Loss: 26.399078
2023-09-13 14:41: Train Epoch 30: 440/634 Loss: 24.356276
2023-09-13 14:42: Train Epoch 30: 460/634 Loss: 31.314426
2023-09-13 14:43: Train Epoch 30: 480/634 Loss: 29.725750
2023-09-13 14:44: Train Epoch 30: 500/634 Loss: 30.659012
2023-09-13 14:45: Train Epoch 30: 520/634 Loss: 18.553158
2023-09-13 14:46: Train Epoch 30: 540/634 Loss: 29.977674
2023-09-13 14:47: Train Epoch 30: 560/634 Loss: 33.801876
2023-09-13 14:48: Train Epoch 30: 580/634 Loss: 24.859194
2023-09-13 14:49: Train Epoch 30: 600/634 Loss: 30.081558
2023-09-13 14:50: Train Epoch 30: 620/634 Loss: 33.448338
2023-09-13 14:51: **********Train Epoch 30: averaged Loss: 27.741081
2023-09-13 14:54: **********Val Epoch 30: average Loss: 33.329909
2023-09-13 14:54: Validation performance didn't improve for 15 epochs. Training stops.
2023-09-13 14:54: Total training time: 1072.9652min, best loss: 25.173968
2023-09-13 14:54: Saving current best model to ../experiments\PEMS04\09-12-21h01m_PEMS04_GCDE_type1_embed{10}hid{128}hidhid{128}lyrs{3}lr{0.001}wd{0.001}\best_model.pth
2023-09-13 14:57: Horizon 01, MAE: 22.06, RMSE: 33.11, MAPE: 17.1436%
2023-09-13 14:57: Horizon 02, MAE: 22.31, RMSE: 33.72, MAPE: 16.9899%
2023-09-13 14:57: Horizon 03, MAE: 22.61, RMSE: 34.28, MAPE: 17.1745%
2023-09-13 14:57: Horizon 04, MAE: 22.86, RMSE: 34.75, MAPE: 17.2576%
2023-09-13 14:57: Horizon 05, MAE: 23.13, RMSE: 35.21, MAPE: 17.5883%
2023-09-13 14:57: Horizon 06, MAE: 23.40, RMSE: 35.71, MAPE: 17.7336%
2023-09-13 14:57: Horizon 07, MAE: 23.82, RMSE: 36.36, MAPE: 17.8125%
2023-09-13 14:57: Horizon 08, MAE: 24.07, RMSE: 36.84, MAPE: 17.7547%
2023-09-13 14:57: Horizon 09, MAE: 24.37, RMSE: 37.33, MAPE: 18.1613%
2023-09-13 14:57: Horizon 10, MAE: 24.65, RMSE: 37.80, MAPE: 18.4800%
2023-09-13 14:57: Horizon 11, MAE: 25.00, RMSE: 38.29, MAPE: 18.9659%
2023-09-13 14:57: Horizon 12, MAE: 25.29, RMSE: 38.79, MAPE: 18.8999%
2023-09-13 14:57: Horizon 13, MAE: 25.75, RMSE: 39.47, MAPE: 19.0864%
2023-09-13 14:57: Horizon 14, MAE: 26.28, RMSE: 40.21, MAPE: 19.2132%
2023-09-13 14:57: Horizon 15, MAE: 26.39, RMSE: 40.46, MAPE: 19.1455%
2023-09-13 14:57: Horizon 16, MAE: 26.58, RMSE: 40.78, MAPE: 19.4141%
2023-09-13 14:57: Horizon 17, MAE: 26.85, RMSE: 41.21, MAPE: 19.5195%
2023-09-13 14:57: Horizon 18, MAE: 27.17, RMSE: 41.68, MAPE: 19.6643%
2023-09-13 14:57: Horizon 19, MAE: 27.50, RMSE: 42.15, MAPE: 19.8321%
2023-09-13 14:57: Horizon 20, MAE: 27.85, RMSE: 42.64, MAPE: 19.9858%
2023-09-13 14:57: Horizon 21, MAE: 28.29, RMSE: 43.23, MAPE: 20.3432%
2023-09-13 14:57: Horizon 22, MAE: 28.67, RMSE: 43.75, MAPE: 20.6930%
2023-09-13 14:57: Horizon 23, MAE: 29.24, RMSE: 44.47, MAPE: 21.1729%
2023-09-13 14:57: Horizon 24, MAE: 29.86, RMSE: 45.31, MAPE: 21.5532%
2023-09-13 14:57: Average Horizon, MAE: 25.58, RMSE: 39.22, MAPE: 18.8993%
Horizon 1: mae: 22.01, rmse: 32.59, mape: 17.14%.
Horizon 2: mae: 22.26, rmse: 33.18, mape: 16.99%.
Horizon 3: mae: 22.56, rmse: 33.71, mape: 17.17%.
Horizon 4: mae: 22.80, rmse: 34.17, mape: 17.26%.
Horizon 5: mae: 23.06, rmse: 34.60, mape: 17.59%.
Horizon 6: mae: 23.33, rmse: 35.09, mape: 17.73%.
Horizon 7: mae: 23.74, rmse: 35.71, mape: 17.81%.
Horizon 8: mae: 24.00, rmse: 36.19, mape: 17.75%.
Horizon 9: mae: 24.29, rmse: 36.65, mape: 18.16%.
Horizon 10: mae: 24.56, rmse: 37.09, mape: 18.48%.
Horizon 11: mae: 24.90, rmse: 37.56, mape: 18.97%.
Horizon 12: mae: 25.20, rmse: 38.05, mape: 18.90%.
Horizon 13: mae: 25.66, rmse: 38.71, mape: 19.09%.
Horizon 14: mae: 26.19, rmse: 39.45, mape: 19.21%.
Horizon 15: mae: 26.29, rmse: 39.68, mape: 19.15%.
Horizon 16: mae: 26.49, rmse: 39.97, mape: 19.41%.
Horizon 17: mae: 26.76, rmse: 40.39, mape: 19.52%.
Horizon 18: mae: 27.08, rmse: 40.85, mape: 19.66%.
Horizon 19: mae: 27.41, rmse: 41.32, mape: 19.83%.
Horizon 20: mae: 27.76, rmse: 41.81, mape: 19.99%.
Horizon 21: mae: 28.21, rmse: 42.39, mape: 20.34%.
Horizon 22: mae: 28.59, rmse: 42.90, mape: 20.69%.
Horizon 23: mae: 29.16, rmse: 43.63, mape: 21.17%.
Horizon 24: mae: 29.78, rmse: 44.48, mape: 21.55%.
Average Error: mae: 25.50, rmse: 38.34, mape: 18.90%.
